<html>
<head>
<title>TestNG:  Default test</title>
<link href="../testng.css" rel="stylesheet" type="text/css" />
<link href="../my-testng.css" rel="stylesheet" type="text/css" />

<style type="text/css">
.log { display: none;} 
.stack-trace { display: none;} 
</style>
<script type="text/javascript">
<!--
function flip(e) {
  current = e.style.display;
  if (current == 'block') {
    e.style.display = 'none';
    return 0;
  }
  else {
    e.style.display = 'block';
    return 1;
  }
}

function toggleBox(szDivId, elem, msg1, msg2)
{
  var res = -1;  if (document.getElementById) {
    res = flip(document.getElementById(szDivId));
  }
  else if (document.all) {
    // this is the way old msie versions work
    res = flip(document.all[szDivId]);
  }
  if(elem) {
    if(res == 0) elem.innerHTML = msg1; else elem.innerHTML = msg2;
  }

}

function toggleAllBoxes() {
  if (document.getElementsByTagName) {
    d = document.getElementsByTagName('div');
    for (i = 0; i < d.length; i++) {
      if (d[i].className == 'log') {
        flip(d[i]);
      }
    }
  }
}

// -->
</script>

</head>
<body>
<h2 align='center'>Default test</h2><table border='1' align="center">
<tr>
<td>Tests passed/Failed/Skipped:</td><td>1/2/0</td>
</tr><tr>
<td>Started on:</td><td>Sun May 29 23:33:04 EDT 2022</td>
</tr>
<tr><td>Total time:</td><td>37 seconds (37133 ms)</td>
</tr><tr>
<td>Included groups:</td><td></td>
</tr><tr>
<td>Excluded groups:</td><td></td>
</tr>
</table><p/>
<small><i>(Hover the method name to see the test class name)</i></small><p/>
<table width='100%' border='1' class='invocation-failed'>
<tr><td colspan='4' align='center'><b>FAILED TESTS</b></td></tr>
<tr><td><b>Test method</b></td>
<td width="30%"><b>Exception</b></td>
<td width="10%"><b>Time (seconds)</b></td>
<td><b>Instance</b></td>
</tr>
<tr>
<td title='com.runners.Runner.runScenario()'><b>runScenario</b><br>Test class: com.runners.Runner<br>Test method: Runs Cucumber Scenarios<br>Parameters: "Check Remember Me CheckBox", "Login into salesforce application"</td>
<td><div><pre>java.lang.AssertionError: The following asserts failed:
	expected [welcom to your free trial] but found [Getting Started]
	at org.testng.asserts.SoftAssert.assertAll(SoftAssert.java:46)
	at org.testng.asserts.SoftAssert.assertAll(SoftAssert.java:30)
	at com.steps.StepDefinitionTC1andTc2.should_be_displayed_on_username_field(StepDefinitionTC1andTc2.java:126)
	at ?.&quot;salesforce@tekarch.com&quot; should be displayed on username field(file:///C:/Selenium/SalesForceCucumberWithPOM/src/test/resources/features/featurefileTC1andTc2.feature:38)
</pre></div><a href='#' onClick='toggleBox("stack-trace1256918571", this, "Click to show all stack frames", "Click to hide stack frames")'>Click to show all stack frames</a>
<div class='stack-trace' id='stack-trace1256918571'><pre>java.lang.AssertionError: The following asserts failed:
	expected [welcom to your free trial] but found [Getting Started]
	at org.testng.asserts.SoftAssert.assertAll(SoftAssert.java:46)
	at org.testng.asserts.SoftAssert.assertAll(SoftAssert.java:30)
	at com.steps.StepDefinitionTC1andTc2.should_be_displayed_on_username_field(StepDefinitionTC1andTc2.java:126)
	at ?.&quot;salesforce@tekarch.com&quot; should be displayed on username field(file:///C:/Selenium/SalesForceCucumberWithPOM/src/test/resources/features/featurefileTC1andTc2.feature:38)
</pre></div></td>
<td>13</td>
<td>com.runners.Runner@2e6a8155</td></tr>
<tr>
<td title='com.runners.Runner.runScenario()'><b>runScenario</b><br>Test class: com.runners.Runner<br>Test method: Runs Cucumber Scenarios<br>Parameters: "Login with valid user and valid password", "Login into salesforce application"</td>
<td><div><pre>java.lang.AssertionError: The following asserts failed:
	expected [welcom to your free trial] but found [Getting Started]
	at org.testng.asserts.SoftAssert.assertAll(SoftAssert.java:46)
	at org.testng.asserts.SoftAssert.assertAll(SoftAssert.java:30)
	at com.steps.StepDefinitionTC1andTc2.message_should_be(StepDefinitionTC1andTc2.java:97)
	at ?.message should be &quot;welcom to your free trial&quot;(file:///C:/Selenium/SalesForceCucumberWithPOM/src/test/resources/features/featurefileTC1andTc2.feature:24)
</pre></div><a href='#' onClick='toggleBox("stack-trace164052991", this, "Click to show all stack frames", "Click to hide stack frames")'>Click to show all stack frames</a>
<div class='stack-trace' id='stack-trace164052991'><pre>java.lang.AssertionError: The following asserts failed:
	expected [welcom to your free trial] but found [Getting Started]
	at org.testng.asserts.SoftAssert.assertAll(SoftAssert.java:46)
	at org.testng.asserts.SoftAssert.assertAll(SoftAssert.java:30)
	at com.steps.StepDefinitionTC1andTc2.message_should_be(StepDefinitionTC1andTc2.java:97)
	at ?.message should be &quot;welcom to your free trial&quot;(file:///C:/Selenium/SalesForceCucumberWithPOM/src/test/resources/features/featurefileTC1andTc2.feature:24)
</pre></div></td>
<td>11</td>
<td>com.runners.Runner@2e6a8155</td></tr>
</table><p>
<table width='100%' border='1' class='invocation-passed'>
<tr><td colspan='4' align='center'><b>PASSED TESTS</b></td></tr>
<tr><td><b>Test method</b></td>
<td width="30%"><b>Exception</b></td>
<td width="10%"><b>Time (seconds)</b></td>
<td><b>Instance</b></td>
</tr>
<tr>
<td title='com.runners.Runner.runScenario()'><b>runScenario</b><br>Test class: com.runners.Runner<br>Test method: Runs Cucumber Scenarios<br>Parameters: "Login Error Message", "Login into salesforce application"</td>
<td></td>
<td>10</td>
<td>com.runners.Runner@2e6a8155</td></tr>
</table><p>
</body>
</html>