<?xml version="1.0" encoding="UTF-8"?>
<!-- Generated by org.testng.reporters.JUnitXMLReporter -->
<testsuite ignored="0" hostname="KISHU-DELL-DESK" failures="2" tests="3" name="Default test" time="51.018" errors="0" timestamp="2022-05-31T16:17:07 EDT">
  <testcase classname="io.cucumber.testng.AbstractTestNGCucumberTests" name="runScenario" time="13.893"/>
  <testcase classname="io.cucumber.testng.AbstractTestNGCucumberTests" name="runScenario" time="21.513">
    <failure type="java.lang.AssertionError" message="The following asserts failed:
	expected [welcom to your free trial] but found [Getting Started]">
      <![CDATA[java.lang.AssertionError: The following asserts failed:
expected [welcom to your free trial] but found [Getting Started]
at org.testng.asserts.SoftAssert.assertAll(SoftAssert.java:46)
at org.testng.asserts.SoftAssert.assertAll(SoftAssert.java:30)
at com.steps.StepDefinitionTC1andTc2.message_should_be(StepDefinitionTC1andTc2.java:97)
at ✽.message should be "welcom to your free trial"(file:///C:/GITHUB_Repo/SalesForceCucumberWithPOM/SalesForceCucumberWithPOM/src/test/resources/features/featurefileTC1andTc2.feature:24)
]]>
    </failure>
  </testcase> <!-- runScenario -->
  <testcase classname="io.cucumber.testng.AbstractTestNGCucumberTests" name="runScenario" time="14.438">
    <failure type="java.lang.AssertionError" message="The following asserts failed:
	expected [welcom to your free trial] but found [Getting Started]">
      <![CDATA[java.lang.AssertionError: The following asserts failed:
expected [welcom to your free trial] but found [Getting Started]
at org.testng.asserts.SoftAssert.assertAll(SoftAssert.java:46)
at org.testng.asserts.SoftAssert.assertAll(SoftAssert.java:30)
at com.steps.StepDefinitionTC1andTc2.should_be_displayed_on_username_field(StepDefinitionTC1andTc2.java:126)
at ✽."salesforce@tekarch.com" should be displayed on username field(file:///C:/GITHUB_Repo/SalesForceCucumberWithPOM/SalesForceCucumberWithPOM/src/test/resources/features/featurefileTC1andTc2.feature:38)
]]>
    </failure>
  </testcase> <!-- runScenario -->
</testsuite> <!-- Default test -->
